\BOOKMARK [1][-]{section.1}{\376\377\000E\000x\000e\000c\000u\000t\000i\000v\000e\000\040\000S\000u\000m\000m\000a\000r\000y}{}% 1
\BOOKMARK [2][-]{subsection.1.1}{\376\377\000K\000e\000y\000\040\000F\000e\000a\000t\000u\000r\000e\000s}{section.1}% 2
\BOOKMARK [1][-]{section.2}{\376\377\000S\000y\000s\000t\000e\000m\000\040\000O\000v\000e\000r\000v\000i\000e\000w}{}% 3
\BOOKMARK [2][-]{subsection.2.1}{\376\377\000I\000n\000t\000r\000o\000d\000u\000c\000t\000i\000o\000n}{section.2}% 4
\BOOKMARK [2][-]{subsection.2.2}{\376\377\000S\000y\000s\000t\000e\000m\000\040\000P\000u\000r\000p\000o\000s\000e\000\040\000a\000n\000d\000\040\000A\000p\000p\000l\000i\000c\000a\000t\000i\000o\000n}{section.2}% 5
\BOOKMARK [2][-]{subsection.2.3}{\376\377\000C\000l\000o\000s\000e\000d\000-\000L\000o\000o\000p\000\040\000C\000o\000n\000t\000r\000o\000l\000\040\000A\000r\000c\000h\000i\000t\000e\000c\000t\000u\000r\000e}{section.2}% 6
\BOOKMARK [2][-]{subsection.2.4}{\376\377\000S\000y\000s\000t\000e\000m\000\040\000O\000v\000e\000r\000v\000i\000e\000w\000\040\000I\000l\000l\000u\000s\000t\000r\000a\000t\000i\000o\000n}{section.2}% 7
\BOOKMARK [2][-]{subsection.2.5}{\376\377\000S\000i\000g\000n\000a\000l\000\040\000C\000o\000n\000d\000i\000t\000i\000o\000n\000i\000n\000g\000\040\000a\000n\000d\000\040\000P\000r\000o\000c\000e\000s\000s\000i\000n\000g\000\040\000C\000h\000a\000i\000n}{section.2}% 8
\BOOKMARK [2][-]{subsection.2.6}{\376\377\000E\000x\000t\000e\000r\000n\000a\000l\000\040\000I\000n\000t\000e\000r\000f\000a\000c\000e\000s}{section.2}% 9
\BOOKMARK [1][-]{section.3}{\376\377\000H\000a\000r\000d\000w\000a\000r\000e\000\040\000P\000l\000a\000t\000f\000o\000r\000m}{}% 10
\BOOKMARK [2][-]{subsection.3.1}{\376\377\000S\000o\000l\000e\000n\000o\000i\000d\000\040\000V\000a\000l\000v\000e}{section.3}% 11
\BOOKMARK [2][-]{subsection.3.2}{\376\377\000P\000r\000e\000s\000s\000u\000r\000e\000\040\000S\000e\000n\000s\000o\000r}{section.3}% 12
\BOOKMARK [2][-]{subsection.3.3}{\376\377\000M\000i\000c\000r\000o\000c\000o\000n\000t\000r\000o\000l\000l\000e\000r\000\040\000a\000n\000d\000\040\000P\000r\000o\000c\000e\000s\000s\000i\000n\000g\000\040\000U\000n\000i\000t}{section.3}% 13
\BOOKMARK [2][-]{subsection.3.4}{\376\377\000H\000a\000r\000d\000w\000a\000r\000e\000\040\000S\000u\000m\000m\000a\000r\000y}{section.3}% 14
\BOOKMARK [1][-]{section.4}{\376\377\000C\000o\000n\000t\000r\000o\000l\000\040\000T\000h\000e\000o\000r\000y\000\040\000a\000n\000d\000\040\000A\000l\000g\000o\000r\000i\000t\000h\000m\000s}{}% 15
\BOOKMARK [2][-]{subsection.4.1}{\376\377\000P\000I\000D\000\040\000C\000o\000n\000t\000r\000o\000l\000l\000e\000r\000\040\000T\000h\000e\000o\000r\000y}{section.4}% 16
\BOOKMARK [3][-]{subsubsection.4.1.1}{\376\377\000T\000h\000e\000\040\000P\000I\000D\000\040\000C\000o\000n\000t\000r\000o\000l\000\040\000L\000a\000w}{subsection.4.1}% 17
\BOOKMARK [3][-]{subsubsection.4.1.2}{\376\377\000P\000a\000r\000a\000l\000l\000e\000l\000\040\000\050\000I\000n\000d\000e\000p\000e\000n\000d\000e\000n\000t\000\051\000\040\000F\000o\000r\000m}{subsection.4.1}% 18
\BOOKMARK [3][-]{subsubsection.4.1.3}{\376\377\000S\000t\000a\000n\000d\000a\000r\000d\000\040\000\050\000I\000S\000A\000\040\000/\000\040\000D\000e\000p\000e\000n\000d\000e\000n\000t\000\051\000\040\000F\000o\000r\000m}{subsection.4.1}% 19
\BOOKMARK [3][-]{subsubsection.4.1.4}{\376\377\000P\000r\000a\000c\000t\000i\000c\000a\000l\000\040\000M\000e\000a\000n\000i\000n\000g\000\040\000o\000f\000\040\000t\000h\000e\000\040\000T\000i\000m\000e\000\040\000C\000o\000n\000s\000t\000a\000n\000t\000s}{subsection.4.1}% 20
\BOOKMARK [3][-]{subsubsection.4.1.5}{\376\377\000D\000i\000s\000c\000r\000e\000t\000e\000-\000T\000i\000m\000e\000\040\000I\000m\000p\000l\000e\000m\000e\000n\000t\000a\000t\000i\000o\000n\000\040\000i\000n\000\040\000V\000e\000n\000t\000C\000o\000n\0002}{subsection.4.1}% 21
\BOOKMARK [3][-]{subsubsection.4.1.6}{\376\377\000I\000n\000i\000t\000i\000a\000l\000i\000z\000a\000t\000i\000o\000n\000\040\000a\000n\000d\000\040\000S\000t\000a\000r\000t\000u\000p\000\040\000B\000e\000h\000a\000v\000i\000o\000u\000r}{subsection.4.1}% 22
\BOOKMARK [3][-]{subsubsection.4.1.7}{\376\377\000S\000u\000m\000m\000a\000r\000y\000:\000\040\000C\000h\000o\000o\000s\000i\000n\000g\000\040\000B\000e\000t\000w\000e\000e\000n\000\040\000F\000o\000r\000m\000s}{subsection.4.1}% 23
\BOOKMARK [2][-]{subsection.4.2}{\376\377\000P\000W\000M\000\040\000V\000a\000l\000v\000e\000\040\000C\000o\000n\000t\000r\000o\000l\000\040\000a\000n\000d\000\040\000O\000u\000t\000p\000u\000t\000\040\000M\000a\000p\000p\000i\000n\000g}{section.4}% 24
\BOOKMARK [3][-]{subsubsection.4.2.1}{\376\377\000P\000h\000y\000s\000i\000c\000a\000l\000\040\000V\000a\000l\000v\000e\000\040\000C\000h\000a\000r\000a\000c\000t\000e\000r\000i\000s\000t\000i\000c\000s}{subsection.4.2}% 25
\BOOKMARK [3][-]{subsubsection.4.2.2}{\376\377\000O\000u\000t\000p\000u\000t\000\040\000M\000a\000p\000p\000i\000n\000g\000\040\000F\000u\000n\000c\000t\000i\000o\000n}{subsection.4.2}% 26
\BOOKMARK [3][-]{subsubsection.4.2.3}{\376\377\000M\000a\000p\000p\000i\000n\000g\000\040\000T\000a\000b\000l\000e}{subsection.4.2}% 27
\BOOKMARK [3][-]{subsubsection.4.2.4}{\376\377\000D\000e\000a\000d\000\040\000Z\000o\000n\000e\000\040\000T\000h\000r\000e\000s\000h\000o\000l\000d\000\040\000D\000e\000s\000i\000g\000n}{subsection.4.2}% 28
\BOOKMARK [3][-]{subsubsection.4.2.5}{\376\377\000I\000n\000t\000e\000r\000a\000c\000t\000i\000o\000n\000\040\000w\000i\000t\000h\000\040\000A\000n\000t\000i\000-\000W\000i\000n\000d\000u\000p}{subsection.4.2}% 29
\BOOKMARK [2][-]{subsection.4.3}{\376\377\000A\000n\000t\000i\000-\000W\000i\000n\000d\000u\000p\000\040\000P\000r\000o\000t\000e\000c\000t\000i\000o\000n}{section.4}% 30
\BOOKMARK [3][-]{subsubsection.4.3.1}{\376\377\000T\000h\000e\000\040\000I\000n\000t\000e\000g\000r\000a\000l\000\040\000W\000i\000n\000d\000u\000p\000\040\000P\000r\000o\000b\000l\000e\000m}{subsection.4.3}% 31
\BOOKMARK [3][-]{subsubsection.4.3.2}{\376\377\000A\000n\000t\000i\000-\000W\000i\000n\000d\000u\000p\000\040\000I\000m\000p\000l\000e\000m\000e\000n\000t\000a\000t\000i\000o\000n\000\040\000i\000n\000\040\000V\000e\000n\000t\000C\000o\000n\0002}{subsection.4.3}% 32
\BOOKMARK [3][-]{subsubsection.4.3.3}{\376\377\000C\000o\000n\000f\000i\000g\000u\000r\000a\000t\000i\000o\000n\000\040\000a\000n\000d\000\040\000T\000u\000n\000i\000n\000g}{subsection.4.3}% 33
\BOOKMARK [2][-]{subsection.4.4}{\376\377\000H\000y\000s\000t\000e\000r\000e\000s\000i\000s\000\040\000C\000o\000m\000p\000e\000n\000s\000a\000t\000i\000o\000n}{section.4}% 34
\BOOKMARK [3][-]{subsubsection.4.4.1}{\376\377\000T\000h\000e\000\040\000H\000y\000s\000t\000e\000r\000e\000s\000i\000s\000\040\000P\000r\000o\000b\000l\000e\000m}{subsection.4.4}% 35
\BOOKMARK [3][-]{subsubsection.4.4.2}{\376\377\000H\000y\000s\000t\000e\000r\000e\000s\000i\000s\000\040\000C\000o\000m\000p\000e\000n\000s\000a\000t\000i\000o\000n\000\040\000S\000t\000r\000a\000t\000e\000g\000y}{subsection.4.4}% 36
\BOOKMARK [3][-]{subsubsection.4.4.3}{\376\377\000C\000o\000n\000f\000i\000g\000u\000r\000a\000t\000i\000o\000n\000\040\000a\000n\000d\000\040\000T\000u\000n\000i\000n\000g}{subsection.4.4}% 37
\BOOKMARK [3][-]{subsubsection.4.4.4}{\376\377\000T\000u\000n\000i\000n\000g\000\040\000G\000u\000i\000d\000e\000l\000i\000n\000e\000s}{subsection.4.4}% 38
\BOOKMARK [3][-]{subsubsection.4.4.5}{\376\377\000I\000n\000t\000e\000r\000a\000c\000t\000i\000o\000n\000\040\000w\000i\000t\000h\000\040\000O\000t\000h\000e\000r\000\040\000C\000o\000n\000t\000r\000o\000l\000\040\000P\000a\000r\000a\000m\000e\000t\000e\000r\000s}{subsection.4.4}% 39
\BOOKMARK [2][-]{subsection.4.5}{\376\377\000R\000e\000l\000a\000y\000-\000B\000a\000s\000e\000d\000\040\000A\000u\000t\000o\000-\000T\000u\000n\000i\000n\000g}{section.4}% 40
\BOOKMARK [3][-]{subsubsection.4.5.1}{\376\377\000T\000u\000n\000i\000n\000g\000\040\000A\000l\000g\000o\000r\000i\000t\000h\000m}{subsection.4.5}% 41
\BOOKMARK [3][-]{subsubsection.4.5.2}{\376\377\000T\000u\000n\000i\000n\000g\000\040\000R\000u\000l\000e\000s}{subsection.4.5}% 42
\BOOKMARK [1][-]{section.5}{\376\377\000S\000o\000f\000t\000w\000a\000r\000e\000\040\000A\000r\000c\000h\000i\000t\000e\000c\000t\000u\000r\000e}{}% 43
\BOOKMARK [2][-]{subsection.5.1}{\376\377\000S\000y\000s\000t\000e\000m\000\040\000A\000r\000c\000h\000i\000t\000e\000c\000t\000u\000r\000e\000\040\000D\000i\000a\000g\000r\000a\000m}{section.5}% 44
\BOOKMARK [2][-]{subsection.5.2}{\376\377\000D\000e\000s\000i\000g\000n\000\040\000P\000a\000t\000t\000e\000r\000n\000s}{section.5}% 45
\BOOKMARK [2][-]{subsection.5.3}{\376\377\000F\000r\000e\000e\000R\000T\000O\000S\000\040\000T\000a\000s\000k\000\040\000D\000i\000s\000t\000r\000i\000b\000u\000t\000i\000o\000n}{section.5}% 46
\BOOKMARK [1][-]{section.6}{\376\377\000C\000l\000a\000s\000s\000\040\000R\000e\000f\000e\000r\000e\000n\000c\000e}{}% 47
\BOOKMARK [2][-]{subsection.6.1}{\376\377\000C\000l\000a\000s\000s\000\040\000S\000u\000m\000m\000a\000r\000y\000\040\000T\000a\000b\000l\000e\000s}{section.6}% 48
\BOOKMARK [2][-]{subsection.6.2}{\376\377\000S\000e\000t\000t\000i\000n\000g\000s\000H\000a\000n\000d\000l\000e\000r\000\040\000C\000l\000a\000s\000s}{section.6}% 49
\BOOKMARK [3][-]{subsubsection.6.2.1}{\376\377\000P\000u\000r\000p\000o\000s\000e}{subsection.6.2}% 50
\BOOKMARK [3][-]{subsubsection.6.2.2}{\376\377\000K\000e\000y\000\040\000R\000e\000s\000p\000o\000n\000s\000i\000b\000i\000l\000i\000t\000i\000e\000s}{subsection.6.2}% 51
\BOOKMARK [3][-]{subsubsection.6.2.3}{\376\377\000K\000e\000y\000\040\000A\000t\000t\000r\000i\000b\000u\000t\000e\000s}{subsection.6.2}% 52
\BOOKMARK [2][-]{subsection.6.3}{\376\377\000S\000e\000n\000s\000o\000r\000M\000a\000n\000a\000g\000e\000r\000\040\000C\000l\000a\000s\000s}{section.6}% 53
\BOOKMARK [3][-]{subsubsection.6.3.1}{\376\377\000P\000u\000r\000p\000o\000s\000e}{subsection.6.3}% 54
\BOOKMARK [3][-]{subsubsection.6.3.2}{\376\377\000K\000e\000y\000\040\000R\000e\000s\000p\000o\000n\000s\000i\000b\000i\000l\000i\000t\000i\000e\000s}{subsection.6.3}% 55
\BOOKMARK [3][-]{subsubsection.6.3.3}{\376\377\000K\000e\000y\000\040\000A\000t\000t\000r\000i\000b\000u\000t\000e\000s}{subsection.6.3}% 56
\BOOKMARK [3][-]{subsubsection.6.3.4}{\376\377\000S\000e\000n\000s\000o\000r\000\040\000S\000p\000e\000c\000i\000f\000i\000c\000a\000t\000i\000o\000n\000s}{subsection.6.3}% 57
\BOOKMARK [2][-]{subsection.6.4}{\376\377\000A\000u\000t\000o\000T\000u\000n\000e\000r\000\040\000C\000l\000a\000s\000s}{section.6}% 58
\BOOKMARK [3][-]{subsubsection.6.4.1}{\376\377\000P\000u\000r\000p\000o\000s\000e}{subsection.6.4}% 59
\BOOKMARK [3][-]{subsubsection.6.4.2}{\376\377\000C\000l\000a\000s\000s\000\040\000S\000t\000r\000u\000c\000t\000u\000r\000e}{subsection.6.4}% 60
\BOOKMARK [2][-]{subsection.6.5}{\376\377\000C\000o\000n\000t\000r\000o\000l\000S\000y\000s\000t\000e\000m\000\040\000C\000l\000a\000s\000s}{section.6}% 61
\BOOKMARK [3][-]{subsubsection.6.5.1}{\376\377\000P\000u\000r\000p\000o\000s\000e}{subsection.6.5}% 62
\BOOKMARK [3][-]{subsubsection.6.5.2}{\376\377\000C\000o\000n\000t\000r\000o\000l\000\040\000L\000o\000o\000p\000\040\000S\000t\000r\000u\000c\000t\000u\000r\000e}{subsection.6.5}% 63
\BOOKMARK [2][-]{subsection.6.6}{\376\377\000W\000e\000b\000H\000a\000n\000d\000l\000e\000r\000\040\000C\000l\000a\000s\000s}{section.6}% 64
\BOOKMARK [3][-]{subsubsection.6.6.1}{\376\377\000P\000u\000r\000p\000o\000s\000e}{subsection.6.6}% 65
\BOOKMARK [3][-]{subsubsection.6.6.2}{\376\377\000N\000e\000t\000w\000o\000r\000k\000\040\000C\000o\000n\000f\000i\000g\000u\000r\000a\000t\000i\000o\000n}{subsection.6.6}% 66
\BOOKMARK [3][-]{subsubsection.6.6.3}{\376\377\000C\000l\000a\000s\000s\000\040\000S\000t\000r\000u\000c\000t\000u\000r\000e}{subsection.6.6}% 67
\BOOKMARK [2][-]{subsection.6.7}{\376\377\000C\000o\000m\000m\000a\000n\000d\000P\000r\000o\000c\000e\000s\000s\000o\000r\000\040\000C\000l\000a\000s\000s}{section.6}% 68
\BOOKMARK [3][-]{subsubsection.6.7.1}{\376\377\000P\000u\000r\000p\000o\000s\000e}{subsection.6.7}% 69
\BOOKMARK [2][-]{subsection.6.8}{\376\377\000T\000a\000s\000k\000M\000a\000n\000a\000g\000e\000r\000\040\000C\000l\000a\000s\000s}{section.6}% 70
\BOOKMARK [3][-]{subsubsection.6.8.1}{\376\377\000P\000u\000r\000p\000o\000s\000e}{subsection.6.8}% 71
\BOOKMARK [1][-]{section.7}{\376\377\000C\000o\000m\000m\000u\000n\000i\000c\000a\000t\000i\000o\000n\000\040\000I\000n\000t\000e\000r\000f\000a\000c\000e\000s}{}% 72
\BOOKMARK [2][-]{subsection.7.1}{\376\377\000W\000e\000b\000\040\000I\000n\000t\000e\000r\000f\000a\000c\000e}{section.7}% 73
\BOOKMARK [3][-]{subsubsection.7.1.1}{\376\377\000A\000r\000c\000h\000i\000t\000e\000c\000t\000u\000r\000e}{subsection.7.1}% 74
\BOOKMARK [3][-]{subsubsection.7.1.2}{\376\377\000H\000T\000T\000P\000\040\000E\000n\000d\000p\000o\000i\000n\000t\000s\000\040\000a\000n\000d\000\040\000A\000P\000I}{subsection.7.1}% 75
\BOOKMARK [3][-]{subsubsection.7.1.3}{\376\377\000D\000a\000t\000a\000\040\000E\000x\000c\000h\000a\000n\000g\000e\000\040\000P\000r\000o\000c\000e\000s\000s}{subsection.7.1}% 76
\BOOKMARK [3][-]{subsubsection.7.1.4}{\376\377\000S\000e\000c\000u\000r\000i\000t\000y\000\040\000a\000n\000d\000\040\000A\000c\000c\000e\000s\000s\000\040\000C\000o\000n\000t\000r\000o\000l}{subsection.7.1}% 77
\BOOKMARK [3][-]{subsubsection.7.1.5}{\376\377\000P\000e\000r\000f\000o\000r\000m\000a\000n\000c\000e\000\040\000O\000p\000t\000i\000m\000i\000z\000a\000t\000i\000o\000n}{subsection.7.1}% 78
\BOOKMARK [2][-]{subsection.7.2}{\376\377\000S\000e\000r\000i\000a\000l\000\040\000C\000o\000m\000m\000a\000n\000d\000\040\000I\000n\000t\000e\000r\000f\000a\000c\000e}{section.7}% 79
\BOOKMARK [3][-]{subsubsection.7.2.1}{\376\377\000P\000I\000D\000\040\000C\000o\000n\000t\000r\000o\000l\000\040\000C\000o\000m\000m\000a\000n\000d\000s}{subsection.7.2}% 80
\BOOKMARK [3][-]{subsubsection.7.2.2}{\376\377\000S\000i\000g\000n\000a\000l\000\040\000P\000r\000o\000c\000e\000s\000s\000i\000n\000g\000\040\000C\000o\000m\000m\000a\000n\000d\000s}{subsection.7.2}% 81
\BOOKMARK [3][-]{subsubsection.7.2.3}{\376\377\000P\000W\000M\000\040\000a\000n\000d\000\040\000V\000a\000l\000v\000e\000\040\000C\000o\000n\000t\000r\000o\000l\000\040\000C\000o\000m\000m\000a\000n\000d\000s}{subsection.7.2}% 82
\BOOKMARK [3][-]{subsubsection.7.2.4}{\376\377\000A\000u\000t\000o\000-\000T\000u\000n\000i\000n\000g\000\040\000C\000o\000m\000m\000a\000n\000d\000s}{subsection.7.2}% 83
\BOOKMARK [3][-]{subsubsection.7.2.5}{\376\377\000N\000e\000t\000w\000o\000r\000k\000\040\000a\000n\000d\000\040\000W\000i\000F\000i\000\040\000C\000o\000m\000m\000a\000n\000d\000s}{subsection.7.2}% 84
\BOOKMARK [3][-]{subsubsection.7.2.6}{\376\377\000D\000a\000t\000a\000\040\000M\000o\000n\000i\000t\000o\000r\000i\000n\000g\000\040\000a\000n\000d\000\040\000D\000i\000a\000g\000n\000o\000s\000t\000i\000c\000s\000\040\000C\000o\000m\000m\000a\000n\000d\000s}{subsection.7.2}% 85
\BOOKMARK [3][-]{subsubsection.7.2.7}{\376\377\000F\000i\000l\000e\000\040\000S\000y\000s\000t\000e\000m\000\040\000a\000n\000d\000\040\000S\000e\000t\000t\000i\000n\000g\000s\000\040\000C\000o\000m\000m\000a\000n\000d\000s}{subsection.7.2}% 86
\BOOKMARK [3][-]{subsubsection.7.2.8}{\376\377\000H\000e\000l\000p\000\040\000a\000n\000d\000\040\000R\000e\000f\000e\000r\000e\000n\000c\000e}{subsection.7.2}% 87
\BOOKMARK [1][-]{section.8}{\376\377\000S\000y\000s\000t\000e\000m\000\040\000I\000n\000t\000e\000g\000r\000a\000t\000i\000o\000n\000\040\000a\000n\000d\000\040\000D\000a\000t\000a\000\040\000F\000l\000o\000w}{}% 88
\BOOKMARK [2][-]{subsection.8.1}{\376\377\000I\000n\000i\000t\000i\000a\000l\000i\000z\000a\000t\000i\000o\000n\000\040\000S\000e\000q\000u\000e\000n\000c\000e}{section.8}% 89
\BOOKMARK [2][-]{subsection.8.2}{\376\377\000R\000e\000a\000l\000-\000t\000i\000m\000e\000\040\000O\000p\000e\000r\000a\000t\000i\000o\000n}{section.8}% 90
\BOOKMARK [2][-]{subsection.8.3}{\376\377\000S\000a\000f\000e\000t\000y\000\040\000M\000e\000c\000h\000a\000n\000i\000s\000m\000s}{section.8}% 91
\BOOKMARK [1][-]{section.9}{\376\377\000C\000o\000n\000f\000i\000g\000u\000r\000a\000t\000i\000o\000n\000\040\000a\000n\000d\000\040\000D\000e\000p\000l\000o\000y\000m\000e\000n\000t}{}% 92
\BOOKMARK [2][-]{subsection.9.1}{\376\377\000D\000e\000f\000a\000u\000l\000t\000\040\000P\000a\000r\000a\000m\000e\000t\000e\000r\000s}{section.9}% 93
\BOOKMARK [2][-]{subsection.9.2}{\376\377\000P\000e\000r\000s\000i\000s\000t\000e\000n\000t\000\040\000S\000t\000o\000r\000a\000g\000e}{section.9}% 94
\BOOKMARK [2][-]{subsection.9.3}{\376\377\000B\000u\000i\000l\000d\000\040\000C\000o\000n\000f\000i\000g\000u\000r\000a\000t\000i\000o\000n}{section.9}% 95
\BOOKMARK [2][-]{subsection.9.4}{\376\377\000T\000e\000s\000t\000i\000n\000g\000\040\000S\000t\000r\000a\000t\000e\000g\000y}{section.9}% 96
\BOOKMARK [1][-]{section.10}{\376\377\000P\000e\000r\000f\000o\000r\000m\000a\000n\000c\000e\000\040\000C\000h\000a\000r\000a\000c\000t\000e\000r\000i\000s\000t\000i\000c\000s}{}% 97
\BOOKMARK [2][-]{subsection.10.1}{\376\377\000S\000y\000s\000t\000e\000m\000\040\000M\000e\000t\000r\000i\000c\000s}{section.10}% 98
\BOOKMARK [2][-]{subsection.10.2}{\376\377\000S\000t\000a\000b\000i\000l\000i\000t\000y\000\040\000A\000n\000a\000l\000y\000s\000i\000s}{section.10}% 99
\BOOKMARK [1][-]{section.11}{\376\377\000C\000o\000n\000c\000l\000u\000s\000i\000o\000n}{}% 100
\BOOKMARK [2][-]{subsection.11.1}{\376\377\000F\000u\000t\000u\000r\000e\000\040\000E\000n\000h\000a\000n\000c\000e\000m\000e\000n\000t\000s}{section.11}% 101
