This is pdfTeX, Version 3.141592653-2.6-1.40.25 (MiKTeX 24.1) (preloaded format=pdflatex 2024.11.8)  23 FEB 2026 14:16
entering extended mode
 restricted \write18 enabled.
 %&-line parsing enabled.
**./VencCon_User_Manual.tex
(VencCon_User_Manual.tex
LaTeX2e <2023-11-01> patch level 1
L3 programming layer <2024-01-04>
(C:\Program Files\MiKTeX\tex/latex/base\article.cls
Document Class: article 2023/05/17 v1.4n Standard LaTeX document class
(C:\Program Files\MiKTeX\tex/latex/base\size11.clo
File: size11.clo 2023/05/17 v1.4n Standard LaTeX file (size option)
)
\c@part=\count187
\c@section=\count188
\c@subsection=\count189
\c@subsubsection=\count190
\c@paragraph=\count191
\c@subparagraph=\count192
\c@figure=\count193
\c@table=\count194
\abovecaptionskip=\skip48
\belowcaptionskip=\skip49
\bibindent=\dimen140
)
(C:\Program Files\MiKTeX\tex/latex/base\inputenc.sty
Package: inputenc 2021/02/14 v1.3d Input encoding file
\inpenc@prehook=\toks17
\inpenc@posthook=\toks18
)
(C:\Program Files\MiKTeX\tex/latex/base\fontenc.sty
Package: fontenc 2021/04/29 v2.0v Standard LaTeX package
)
(C:\Program Files\MiKTeX\tex/latex/graphics\graphicx.sty
Package: graphicx 2021/09/16 v1.2d Enhanced LaTeX Graphics (DPC,SPQR)

(C:\Program Files\MiKTeX\tex/latex/graphics\keyval.sty
Package: keyval 2022/05/29 v1.15 key=value parser (DPC)
\KV@toks@=\toks19
)
(C:\Program Files\MiKTeX\tex/latex/graphics\graphics.sty
Package: graphics 2022/03/10 v1.4e Standard LaTeX Graphics (DPC,SPQR)

(C:\Program Files\MiKTeX\tex/latex/graphics\trig.sty
Package: trig 2021/08/11 v1.11 sin cos tan (DPC)
)
(C:\Program Files\MiKTeX\tex/latex/graphics-cfg\graphics.cfg
File: graphics.cfg 2016/06/04 v1.11 sample graphics configuration
)
Package graphics Info: Driver file: pdftex.def on input line 107.

(C:\Program Files\MiKTeX\tex/latex/graphics-def\pdftex.def
File: pdftex.def 2022/09/22 v1.2b Graphics/color driver for pdftex
))
\Gin@req@height=\dimen141
\Gin@req@width=\dimen142
)
(C:\Users\thomas.haberkorn\AppData\Roaming\MiKTeX\tex/latex/geometry\geometry.s
ty
Package: geometry 2020/01/02 v5.9 Page Geometry
 (C:\Program Files\MiKTeX\tex/generic/iftex\ifvtex.sty
Package: ifvtex 2019/10/25 v1.7 ifvtex legacy package. Use iftex instead.

(C:\Program Files\MiKTeX\tex/generic/iftex\iftex.sty
Package: iftex 2022/02/03 v1.0f TeX engine tests
))
\Gm@cnth=\count195
\Gm@cntv=\count196
\c@Gm@tempcnt=\count197
\Gm@bindingoffset=\dimen143
\Gm@wd@mp=\dimen144
\Gm@odd@mp=\dimen145
\Gm@even@mp=\dimen146
\Gm@layoutwidth=\dimen147
\Gm@layoutheight=\dimen148
\Gm@layouthoffset=\dimen149
\Gm@layoutvoffset=\dimen150
\Gm@dimlist=\toks20

(C:\Users\thomas.haberkorn\AppData\Roaming\MiKTeX\tex/latex/geometry\geometry.c
fg)) (C:\Program Files\MiKTeX\tex/latex/hyperref\hyperref.sty
Package: hyperref 2023-11-26 v7.01g Hypertext links for LaTeX

(C:\Users\thomas.haberkorn\AppData\Roaming\MiKTeX\tex/generic/infwarerr\infware
rr.sty
Package: infwarerr 2019/12/03 v1.5 Providing info/warning/error messages (HO)
)
(C:\Users\thomas.haberkorn\AppData\Roaming\MiKTeX\tex/latex/kvsetkeys\kvsetkeys
.sty
Package: kvsetkeys 2022-10-05 v1.19 Key value parser (HO)
)
(C:\Users\thomas.haberkorn\AppData\Roaming\MiKTeX\tex/generic/kvdefinekeys\kvde
finekeys.sty
Package: kvdefinekeys 2019-12-19 v1.6 Define keys (HO)
)
(C:\Users\thomas.haberkorn\AppData\Roaming\MiKTeX\tex/generic/pdfescape\pdfesca
pe.sty
Package: pdfescape 2019/12/09 v1.15 Implements pdfTeX's escape features (HO)

(C:\Users\thomas.haberkorn\AppData\Roaming\MiKTeX\tex/generic/ltxcmds\ltxcmds.s
ty
Package: ltxcmds 2023-12-04 v1.26 LaTeX kernel commands for general use (HO)
) (C:\Program Files\MiKTeX\tex/generic/pdftexcmds\pdftexcmds.sty
Package: pdftexcmds 2020-06-27 v0.33 Utility functions of pdfTeX for LuaTeX (HO
)
Package pdftexcmds Info: \pdf@primitive is available.
Package pdftexcmds Info: \pdf@ifprimitive is available.
Package pdftexcmds Info: \pdfdraftmode found.
))
(C:\Users\thomas.haberkorn\AppData\Roaming\MiKTeX\tex/latex/hycolor\hycolor.sty
Package: hycolor 2020-01-27 v1.10 Color options for hyperref/bookmark (HO)
)
(C:\Users\thomas.haberkorn\AppData\Roaming\MiKTeX\tex/latex/letltxmacro\letltxm
acro.sty
Package: letltxmacro 2019/12/03 v1.6 Let assignment for LaTeX macros (HO)
)
(C:\Users\thomas.haberkorn\AppData\Roaming\MiKTeX\tex/latex/auxhook\auxhook.sty
Package: auxhook 2019-12-17 v1.6 Hooks for auxiliary files (HO)
) (C:\Program Files\MiKTeX\tex/latex/hyperref\nameref.sty
Package: nameref 2023-11-26 v2.56 Cross-referencing by name of section

(C:\Users\thomas.haberkorn\AppData\Roaming\MiKTeX\tex/latex/refcount\refcount.s
ty
Package: refcount 2019/12/15 v3.6 Data extraction from label references (HO)
)
(C:\Users\thomas.haberkorn\AppData\Roaming\MiKTeX\tex/generic/gettitlestring\ge
ttitlestring.sty
Package: gettitlestring 2019/12/15 v1.6 Cleanup title references (HO)

(C:\Users\thomas.haberkorn\AppData\Roaming\MiKTeX\tex/latex/kvoptions\kvoptions
.sty
Package: kvoptions 2022-06-15 v3.15 Key value format for package options (HO)
))
\c@section@level=\count198
) (C:\Program Files\MiKTeX\tex/latex/etoolbox\etoolbox.sty
Package: etoolbox 2020/10/05 v2.5k e-TeX tools for LaTeX (JAW)
\etb@tempcnta=\count199
)
\@linkdim=\dimen151
\Hy@linkcounter=\count266
\Hy@pagecounter=\count267

(C:\Program Files\MiKTeX\tex/latex/hyperref\pd1enc.def
File: pd1enc.def 2023-11-26 v7.01g Hyperref: PDFDocEncoding definition (HO)
Now handling font encoding PD1 ...
... no UTF-8 mapping file for font encoding PD1
)
(C:\Users\thomas.haberkorn\AppData\Roaming\MiKTeX\tex/generic/intcalc\intcalc.s
ty
Package: intcalc 2019/12/15 v1.3 Expandable calculations with integers (HO)
)
\Hy@SavedSpaceFactor=\count268
 (C:\Program Files\MiKTeX\tex/latex/hyperref\puenc.def
File: puenc.def 2023-11-26 v7.01g Hyperref: PDF Unicode definition (HO)
Now handling font encoding PU ...
... no UTF-8 mapping file for font encoding PU
)
Package hyperref Info: Hyper figures OFF on input line 4181.
Package hyperref Info: Link nesting OFF on input line 4186.
Package hyperref Info: Hyper index ON on input line 4189.
Package hyperref Info: Plain pages OFF on input line 4196.
Package hyperref Info: Backreferencing OFF on input line 4201.
Package hyperref Info: Implicit mode ON; LaTeX internals redefined.
Package hyperref Info: Bookmarks ON on input line 4448.
\c@Hy@tempcnt=\count269

(C:\Program Files\MiKTeX\tex/latex/url\url.sty
\Urlmuskip=\muskip16
Package: url 2013/09/16  ver 3.4  Verb mode for urls, etc.
)
LaTeX Info: Redefining \url on input line 4786.
\XeTeXLinkMargin=\dimen152

(C:\Users\thomas.haberkorn\AppData\Roaming\MiKTeX\tex/generic/bitset\bitset.sty
Package: bitset 2019/12/09 v1.3 Handle bit-vector datatype (HO)

(C:\Users\thomas.haberkorn\AppData\Roaming\MiKTeX\tex/generic/bigintcalc\bigint
calc.sty
Package: bigintcalc 2019/12/15 v1.5 Expandable calculations on big integers (HO
)
))
\Fld@menulength=\count270
\Field@Width=\dimen153
\Fld@charsize=\dimen154
Package hyperref Info: Hyper figures OFF on input line 6065.
Package hyperref Info: Link nesting OFF on input line 6070.
Package hyperref Info: Hyper index ON on input line 6073.
Package hyperref Info: backreferencing OFF on input line 6080.
Package hyperref Info: Link coloring OFF on input line 6085.
Package hyperref Info: Link coloring with OCG OFF on input line 6090.
Package hyperref Info: PDF/A mode OFF on input line 6095.
 (C:\Program Files\MiKTeX\tex/latex/base\atbegshi-ltx.sty
Package: atbegshi-ltx 2021/01/10 v1.0c Emulation of the original atbegshi
package with kernel methods
)
\Hy@abspage=\count271
\c@Item=\count272
\c@Hfootnote=\count273
)
Package hyperref Info: Driver (autodetected): hpdftex.

(C:\Program Files\MiKTeX\tex/latex/hyperref\hpdftex.def
File: hpdftex.def 2023-11-26 v7.01g Hyperref driver for pdfTeX

(C:\Program Files\MiKTeX\tex/latex/base\atveryend-ltx.sty
Package: atveryend-ltx 2020/08/19 v1.0a Emulation of the original atveryend pac
kage
with kernel methods
)
\Fld@listcount=\count274
\c@bookmark@seq@number=\count275

(C:\Users\thomas.haberkorn\AppData\Roaming\MiKTeX\tex/latex/rerunfilecheck\reru
nfilecheck.sty
Package: rerunfilecheck 2022-07-10 v1.10 Rerun checks for auxiliary files (HO)

(C:\Users\thomas.haberkorn\AppData\Roaming\MiKTeX\tex/generic/uniquecounter\uni
quecounter.sty
Package: uniquecounter 2019/12/15 v1.4 Provide unlimited unique counter (HO)
)
Package uniquecounter Info: New unique counter `rerunfilecheck' on input line 2
85.
)
\Hy@SectionHShift=\skip50
) (C:\Program Files\MiKTeX\tex/latex/xcolor\xcolor.sty
Package: xcolor 2023/11/15 v3.01 LaTeX color extensions (UK)

(C:\Program Files\MiKTeX\tex/latex/graphics-cfg\color.cfg
File: color.cfg 2016/01/02 v1.6 sample color configuration
)
Package xcolor Info: Driver file: pdftex.def on input line 274.

(C:\Program Files\MiKTeX\tex/latex/graphics\mathcolor.ltx)
Package xcolor Info: Model `cmy' substituted by `cmy0' on input line 1350.
Package xcolor Info: Model `hsb' substituted by `rgb' on input line 1354.
Package xcolor Info: Model `RGB' extended on input line 1366.
Package xcolor Info: Model `HTML' substituted by `rgb' on input line 1368.
Package xcolor Info: Model `Hsb' substituted by `hsb' on input line 1369.
Package xcolor Info: Model `tHsb' substituted by `hsb' on input line 1370.
Package xcolor Info: Model `HSB' substituted by `hsb' on input line 1371.
Package xcolor Info: Model `Gray' substituted by `gray' on input line 1372.
Package xcolor Info: Model `wave' substituted by `hsb' on input line 1373.
)
(C:\Users\thomas.haberkorn\AppData\Roaming\MiKTeX\tex/latex/booktabs\booktabs.s
ty
Package: booktabs 2020/01/12 v1.61803398 Publication quality tables
\heavyrulewidth=\dimen155
\lightrulewidth=\dimen156
\cmidrulewidth=\dimen157
\belowrulesep=\dimen158
\belowbottomsep=\dimen159
\aboverulesep=\dimen160
\abovetopsep=\dimen161
\cmidrulesep=\dimen162
\cmidrulekern=\dimen163
\defaultaddspace=\dimen164
\@cmidla=\count276
\@cmidlb=\count277
\@aboverulesep=\dimen165
\@belowrulesep=\dimen166
\@thisruleclass=\count278
\@lastruleclass=\count279
\@thisrulewidth=\dimen167
)
(C:\Users\thomas.haberkorn\AppData\Roaming\MiKTeX\tex/latex/enumitem\enumitem.s
ty
Package: enumitem 2025/02/06 v3.11 Customized lists
\labelindent=\skip51
\enit@outerparindent=\dimen168
\enit@toks=\toks21
\enit@inbox=\box51
\enit@count@id=\count280
\enitdp@description=\count281
)
(C:\Users\thomas.haberkorn\AppData\Roaming\MiKTeX\tex/latex/fancyhdr\fancyhdr.s
ty
Package: fancyhdr 2025/02/07 v5.2 Extensive control of page headers and footers

\f@nch@headwidth=\skip52
\f@nch@offset@elh=\skip53
\f@nch@offset@erh=\skip54
\f@nch@offset@olh=\skip55
\f@nch@offset@orh=\skip56
\f@nch@offset@elf=\skip57
\f@nch@offset@erf=\skip58
\f@nch@offset@olf=\skip59
\f@nch@offset@orf=\skip60
\f@nch@height=\skip61
\f@nch@footalignment=\skip62
\f@nch@widthL=\skip63
\f@nch@widthC=\skip64
\f@nch@widthR=\skip65
\@temptokenb=\toks22
)
(C:\Users\thomas.haberkorn\AppData\Roaming\MiKTeX\tex/latex/titlesec\titlesec.s
ty
Package: titlesec 2025/01/04 v2.17 Sectioning titles
\ttl@box=\box52
\beforetitleunit=\skip66
\aftertitleunit=\skip67
\ttl@plus=\dimen169
\ttl@minus=\dimen170
\ttl@toksa=\toks23
\titlewidth=\dimen171
\titlewidthlast=\dimen172
\titlewidthfirst=\dimen173
) (C:\Users\thomas.haberkorn\AppData\Roaming\MiKTeX\tex/latex/float\float.sty
Package: float 2001/11/08 v1.3d Float enhancements (AL)
\c@float@type=\count282
\float@exts=\toks24
\float@box=\box53
\@float@everytoks=\toks25
\@floatcapt=\box54
) (C:\Program Files\MiKTeX\tex/latex/amsmath\amsmath.sty
Package: amsmath 2023/05/13 v2.17o AMS math features
\@mathmargin=\skip68

For additional information on amsmath, use the `?' option.
(C:\Program Files\MiKTeX\tex/latex/amsmath\amstext.sty
Package: amstext 2021/08/26 v2.01 AMS text

(C:\Program Files\MiKTeX\tex/latex/amsmath\amsgen.sty
File: amsgen.sty 1999/11/30 v2.0 generic functions
\@emptytoks=\toks26
\ex@=\dimen174
))
(C:\Program Files\MiKTeX\tex/latex/amsmath\amsbsy.sty
Package: amsbsy 1999/11/29 v1.2d Bold Symbols
\pmbraise@=\dimen175
)
(C:\Program Files\MiKTeX\tex/latex/amsmath\amsopn.sty
Package: amsopn 2022/04/08 v2.04 operator names
)
\inf@bad=\count283
LaTeX Info: Redefining \frac on input line 234.
\uproot@=\count284
\leftroot@=\count285
LaTeX Info: Redefining \overline on input line 399.
LaTeX Info: Redefining \colon on input line 410.
\classnum@=\count286
\DOTSCASE@=\count287
LaTeX Info: Redefining \ldots on input line 496.
LaTeX Info: Redefining \dots on input line 499.
LaTeX Info: Redefining \cdots on input line 620.
\Mathstrutbox@=\box55
\strutbox@=\box56
LaTeX Info: Redefining \big on input line 722.
LaTeX Info: Redefining \Big on input line 723.
LaTeX Info: Redefining \bigg on input line 724.
LaTeX Info: Redefining \Bigg on input line 725.
\big@size=\dimen176
LaTeX Font Info:    Redeclaring font encoding OML on input line 743.
LaTeX Font Info:    Redeclaring font encoding OMS on input line 744.
\macc@depth=\count288
LaTeX Info: Redefining \bmod on input line 905.
LaTeX Info: Redefining \pmod on input line 910.
LaTeX Info: Redefining \smash on input line 940.
LaTeX Info: Redefining \relbar on input line 970.
LaTeX Info: Redefining \Relbar on input line 971.
\c@MaxMatrixCols=\count289
\dotsspace@=\muskip17
\c@parentequation=\count290
\dspbrk@lvl=\count291
\tag@help=\toks27
\row@=\count292
\column@=\count293
\maxfields@=\count294
\andhelp@=\toks28
\eqnshift@=\dimen177
\alignsep@=\dimen178
\tagshift@=\dimen179
\tagwidth@=\dimen180
\totwidth@=\dimen181
\lineht@=\dimen182
\@envbody=\toks29
\multlinegap=\skip69
\multlinetaggap=\skip70
\mathdisplay@stack=\toks30
LaTeX Info: Redefining \[ on input line 2953.
LaTeX Info: Redefining \] on input line 2954.
)
(C:\Program Files\MiKTeX\tex/latex/amsfonts\amssymb.sty
Package: amssymb 2013/01/14 v3.01 AMS font symbols

(C:\Program Files\MiKTeX\tex/latex/amsfonts\amsfonts.sty
Package: amsfonts 2013/01/14 v3.01 Basic AMSFonts support
\symAMSa=\mathgroup4
\symAMSb=\mathgroup5
LaTeX Font Info:    Redeclaring math symbol \hbar on input line 98.
LaTeX Font Info:    Overwriting math alphabet `\mathfrak' in version `bold'
(Font)                  U/euf/m/n --> U/euf/b/n on input line 106.
))
(C:\Program Files\MiKTeX\tex/latex/tools\array.sty
Package: array 2023/10/16 v2.5g Tabular extension package (FMi)
\col@sep=\dimen183
\ar@mcellbox=\box57
\extrarowheight=\dimen184
\NC@list=\toks31
\extratabsurround=\skip71
\backup@length=\skip72
\ar@cellbox=\box58
)
(C:\Users\thomas.haberkorn\AppData\Roaming\MiKTeX\tex/latex/caption\caption.sty
Package: caption 2023/08/05 v3.6o Customizing captions (AR)

(C:\Users\thomas.haberkorn\AppData\Roaming\MiKTeX\tex/latex/caption\caption3.st
y
Package: caption3 2023/07/31 v2.4d caption3 kernel (AR)
\caption@tempdima=\dimen185
\captionmargin=\dimen186
\caption@leftmargin=\dimen187
\caption@rightmargin=\dimen188
\caption@width=\dimen189
\caption@indent=\dimen190
\caption@parindent=\dimen191
\caption@hangindent=\dimen192
Package caption Info: Standard document class detected.
)
\c@caption@flags=\count295
\c@continuedfloat=\count296
Package caption Info: float package is loaded.
Package caption Info: hyperref package is loaded.
)
(C:\Users\thomas.haberkorn\AppData\Roaming\MiKTeX\tex/latex/parskip\parskip.sty
Package: parskip 2021-03-14 v2.0h non-zero parskip adjustments
)
Package hyperref Info: Option `colorlinks' set `true' on input line 36.
Package hyperref Info: Option `hypertexnames' set `false' on input line 36.
 (C:\Program Files\MiKTeX\tex/latex/l3backend\l3backend-pdftex.def
File: l3backend-pdftex.def 2024-01-04 L3 backend support: PDF output (pdfTeX)
\l__color_backend_stack_int=\count297
\l__pdf_internal_box=\box59
)
(VencCon_User_Manual.aux)
\openout1 = `VencCon_User_Manual.aux'.

LaTeX Font Info:    Checking defaults for OML/cmm/m/it on input line 59.
LaTeX Font Info:    ... okay on input line 59.
LaTeX Font Info:    Checking defaults for OMS/cmsy/m/n on input line 59.
LaTeX Font Info:    ... okay on input line 59.
LaTeX Font Info:    Checking defaults for OT1/cmr/m/n on input line 59.
LaTeX Font Info:    ... okay on input line 59.
LaTeX Font Info:    Checking defaults for T1/cmr/m/n on input line 59.
LaTeX Font Info:    ... okay on input line 59.
LaTeX Font Info:    Checking defaults for TS1/cmr/m/n on input line 59.
LaTeX Font Info:    ... okay on input line 59.
LaTeX Font Info:    Checking defaults for OMX/cmex/m/n on input line 59.
LaTeX Font Info:    ... okay on input line 59.
LaTeX Font Info:    Checking defaults for U/cmr/m/n on input line 59.
LaTeX Font Info:    ... okay on input line 59.
LaTeX Font Info:    Checking defaults for PD1/pdf/m/n on input line 59.
LaTeX Font Info:    ... okay on input line 59.
LaTeX Font Info:    Checking defaults for PU/pdf/m/n on input line 59.
LaTeX Font Info:    ... okay on input line 59.

(C:\Program Files\MiKTeX\tex/context/base/mkii\supp-pdf.mkii
[Loading MPS to PDF converter (version 2006.09.02).]
\scratchcounter=\count298
\scratchdimen=\dimen193
\scratchbox=\box60
\nofMPsegments=\count299
\nofMParguments=\count300
\everyMPshowfont=\toks32
\MPscratchCnt=\count301
\MPscratchDim=\dimen194
\MPnumerator=\count302
\makeMPintoPDFobject=\count303
\everyMPtoPDFconversion=\toks33
) (C:\Program Files\MiKTeX\tex/latex/epstopdf-pkg\epstopdf-base.sty
Package: epstopdf-base 2020-01-24 v2.11 Base part for package epstopdf
Package epstopdf-base Info: Redefining graphics rule for `.eps' on input line 4
85.

(C:\Program Files\MiKTeX\tex/latex/00miktex\epstopdf-sys.cfg
File: epstopdf-sys.cfg 2021/03/18 v2.0 Configuration of epstopdf for MiKTeX
))
*geometry* driver: auto-detecting
*geometry* detected driver: pdftex
*geometry* verbose mode - [ preamble ] result:
* driver: pdftex
* paper: a4paper
* layout: <same size as paper>
* layoutoffset:(h,v)=(0.0pt,0.0pt)
* modes: 
* h-part:(L,W,R)=(56.9055pt, 483.69687pt, 56.9055pt)
* v-part:(T,H,B)=(62.59596pt, 725.54538pt, 56.9055pt)
* \paperwidth=597.50787pt
* \paperheight=845.04684pt
* \textwidth=483.69687pt
* \textheight=725.54538pt
* \oddsidemargin=-15.36449pt
* \evensidemargin=-15.36449pt
* \topmargin=-48.67403pt
* \headheight=14.0pt
* \headsep=25.0pt
* \topskip=11.0pt
* \footskip=30.0pt
* \marginparwidth=50.0pt
* \marginparsep=10.0pt
* \columnsep=10.0pt
* \skip\footins=10.0pt plus 4.0pt minus 2.0pt
* \hoffset=0.0pt
* \voffset=0.0pt
* \mag=1000
* \@twocolumnfalse
* \@twosidefalse
* \@mparswitchfalse
* \@reversemarginfalse
* (1in=72.27pt=25.4mm, 1cm=28.453pt)

Package hyperref Info: Link coloring ON on input line 59.
(VencCon_User_Manual.out) (VencCon_User_Manual.out)
\@outlinefile=\write3
\openout3 = `VencCon_User_Manual.out'.

Package caption Info: Begin \AtBeginDocument code.
Package caption Info: End \AtBeginDocument code.


pdfTeX warning: pdflatex.exe (file ./pic/VENTREX_Logo + Slogan.pdf): PDF inclus
ion: found PDF version <1.6>, but at most version <1.5> allowed
<pic/VENTREX_Logo + Slogan.pdf, id=63, 744.80455pt x 174.29817pt>
File: pic/VENTREX_Logo + Slogan.pdf Graphic file (type pdf)
<use pic/VENTREX_Logo + Slogan.pdf>
Package pdftex.def Info: pic/VENTREX_Logo + Slogan.pdf  used on input line 67.
(pdftex.def)             Requested size: 362.77264pt x 84.8962pt.
<pic/SchematicHardware.pdf, id=64, 282.33908pt x 180.15031pt>
File: pic/SchematicHardware.pdf Graphic file (type pdf)
<use pic/SchematicHardware.pdf>
Package pdftex.def Info: pic/SchematicHardware.pdf  used on input line 77.
(pdftex.def)             Requested size: 435.32422pt x 277.78969pt.
[1

{C:/Users/thomas.haberkorn/AppData/Local/MiKTeX/fonts/map/pdftex/pdftex.map} <.
/pic/VENTREX_Logo + Slogan.pdf> <./pic/SchematicHardware.pdf>]
File: pic/SchematicHardware.pdf Graphic file (type pdf)
<use pic/SchematicHardware.pdf>
Package pdftex.def Info: pic/SchematicHardware.pdf  used on input line 100.
(pdftex.def)             Requested size: 338.58632pt x 216.05833pt.
<pic/PID_blockDiagram.pdf, id=103, 252.71004pt x 105.44423pt>
File: pic/PID_blockDiagram.pdf Graphic file (type pdf)
<use pic/PID_blockDiagram.pdf>
Package pdftex.def Info: pic/PID_blockDiagram.pdf  used on input line 117.
(pdftex.def)             Requested size: 483.69687pt x 201.84082pt.
 [1 <./pic/PID_blockDiagram.pdf>]
LaTeX Font Info:    Trying to load font information for U+msa on input line 129
.
 (C:\Program Files\MiKTeX\tex/latex/amsfonts\umsa.fd
File: umsa.fd 2013/01/14 v3.01 AMS symbols A
)
LaTeX Font Info:    Trying to load font information for U+msb on input line 129
.

(C:\Program Files\MiKTeX\tex/latex/amsfonts\umsb.fd
File: umsb.fd 2013/01/14 v3.01 AMS symbols B
)
LaTeX Font Info:    Trying to load font information for T1+cmtt on input line 1
45.

(C:\Program Files\MiKTeX\tex/latex/base\t1cmtt.fd
File: t1cmtt.fd 2023/04/13 v2.5m Standard LaTeX font definitions
)
<pic/Terminal_block.pdf, id=165, 330.75931pt x 148.07928pt>
File: pic/Terminal_block.pdf Graphic file (type pdf)
<use pic/Terminal_block.pdf>
Package pdftex.def Info: pic/Terminal_block.pdf  used on input line 151.
(pdftex.def)             Requested size: 232.17242pt x 103.94398pt.
<pic/BackSide.pdf, id=166, 151.0443pt x 203.3196pt>
File: pic/BackSide.pdf Graphic file (type pdf)
<use pic/BackSide.pdf>
Package pdftex.def Info: pic/BackSide.pdf  used on input line 157.
(pdftex.def)             Requested size: 232.17242pt x 312.55159pt.
LaTeX Font Info:    Font shape `T1/cmtt/bx/n' in size <10.95> not available
(Font)              Font shape `T1/cmtt/m/n' tried instead on input line 175.
 [2 <./pic/Terminal_block.pdf> <./pic/BackSide.pdf

pdfTeX warning: pdflatex.exe (file ./pic/BackSide.pdf): PDF inclusion: multiple
 pdfs with page group included in a single page
>]
<pic/BrowserApp.pdf, id=192, 597.50786pt x 845.04686pt>
File: pic/BrowserApp.pdf Graphic file (type pdf)
<use pic/BrowserApp.pdf>
Package pdftex.def Info: pic/BrowserApp.pdf  used on input line 209.
(pdftex.def)             Requested size: 483.69687pt x 684.08449pt.
 [3] [4 <./pic/BrowserApp.pdf>]
<pic/ApplyButton.pdf, id=239, 221.84132pt x 113.38556pt>
File: pic/ApplyButton.pdf Graphic file (type pdf)
<use pic/ApplyButton.pdf>
Package pdftex.def Info: pic/ApplyButton.pdf  used on input line 256.
(pdftex.def)             Requested size: 266.03474pt x 135.9893pt.
 [5 <./pic/ApplyButton.pdf>]
<pic/Example_Set_4_to_6_bar.pdf, id=261, 240.9pt x 145.9854pt>
File: pic/Example_Set_4_to_6_bar.pdf Graphic file (type pdf)
<use pic/Example_Set_4_to_6_bar.pdf>
Package pdftex.def Info: pic/Example_Set_4_to_6_bar.pdf  used on input line 332
.
(pdftex.def)             Requested size: 232.17242pt x 140.70126pt.
<pic/Example_Regulator_Action_Massflow_Variation.pdf, id=262, 239.9364pt x 149.
8398pt>
File: pic/Example_Regulator_Action_Massflow_Variation.pdf Graphic file (type pd
f)
<use pic/Example_Regulator_Action_Massflow_Variation.pdf>
Package pdftex.def Info: pic/Example_Regulator_Action_Massflow_Variation.pdf  u
sed on input line 338.
(pdftex.def)             Requested size: 232.17242pt x 144.99916pt.
 [6 <./pic/Example_Set_4_to_6_bar.pdf> <./pic/Example_Regulator_Action_Massflow
_Variation.pdf

pdfTeX warning: pdflatex.exe (file ./pic/Example_Regulator_Action_Massflow_Vari
ation.pdf): PDF inclusion: multiple pdfs with page group included in a single p
age
>] [7] (VencCon_User_Manual.aux)
 ***********
LaTeX2e <2023-11-01> patch level 1
L3 programming layer <2024-01-04>
 ***********
Package rerunfilecheck Info: File `VencCon_User_Manual.out' has not changed.
(rerunfilecheck)             Checksum: E9F0F61029F4B2DB5D7C8990DFF74448;2172.
 ) 
Here is how much of TeX's memory you used:
 13479 strings out of 474486
 212929 string characters out of 5753537
 1938542 words of memory out of 5000000
 35545 multiletter control sequences out of 15000+600000
 573704 words of font info for 76 fonts, out of 8000000 for 9000
 1141 hyphenation exceptions out of 8191
 75i,13n,79p,1210b,555s stack positions out of 10000i,1000n,20000p,200000b,200000s
 <C:\Users\thomas.haberkorn\AppData\Local\MiKTeX\fonts/pk/ljfour/jknappen/ec/
dpi600\ecti1000.pk> <C:\Users\thomas.haberkorn\AppData\Local\MiKTeX\fonts/pk/lj
four/jknappen/ec/dpi600\tcrm1095.pk> <C:\Users\thomas.haberkorn\AppData\Local\M
iKTeX\fonts/pk/ljfour/jknappen/ec/dpi600\ectt1000.pk> <C:\Users\thomas.haberkor
n\AppData\Local\MiKTeX\fonts/pk/ljfour/jknappen/ec/dpi600\ectt1095.pk> <C:\User
s\thomas.haberkorn\AppData\Local\MiKTeX\fonts/pk/ljfour/jknappen/ec/dpi600\ecrm
0700.pk> <C:\Users\thomas.haberkorn\AppData\Local\MiKTeX\fonts/pk/ljfour/jknapp
en/ec/dpi600\ecti1095.pk> <C:\Users\thomas.haberkorn\AppData\Local\MiKTeX\fonts
/pk/ljfour/jknappen/ec/dpi600\ecbx1095.pk> <C:\Users\thomas.haberkorn\AppData\L
ocal\MiKTeX\fonts/pk/ljfour/jknappen/ec/dpi600\ecbx1000.pk> <C:\Users\thomas.ha
berkorn\AppData\Local\MiKTeX\fonts/pk/ljfour/jknappen/ec/dpi600\ecrm1095.pk> <C
:\Users\thomas.haberkorn\AppData\Local\MiKTeX\fonts/pk/ljfour/jknappen/ec/dpi60
0\ecbx1200.pk> <C:\Users\thomas.haberkorn\AppData\Local\MiKTeX\fonts/pk/ljfour/
jknappen/ec/dpi600\ecrm1000.pk> <C:\Users\thomas.haberkorn\AppData\Local\MiKTeX
\fonts/pk/ljfour/jknappen/ec/dpi600\ecrm1200.pk> <C:\Users\thomas.haberkorn\App
Data\Local\MiKTeX\fonts/pk/ljfour/jknappen/ec/dpi600\ecrm2488.pk> <C:\Users\tho
mas.haberkorn\AppData\Local\MiKTeX\fonts/pk/ljfour/jknappen/ec/dpi600\ecbx2488.
pk><C:/Program Files/MiKTeX/fonts/type1/public/amsfonts/cm/cmex10.pfb><C:/Progr
am Files/MiKTeX/fonts/type1/public/amsfonts/cm/cmmi10.pfb><C:/Program Files/MiK
TeX/fonts/type1/public/amsfonts/cm/cmmi7.pfb><C:/Program Files/MiKTeX/fonts/typ
e1/public/amsfonts/cm/cmmi8.pfb><C:/Program Files/MiKTeX/fonts/type1/public/ams
fonts/cm/cmr10.pfb><C:/Program Files/MiKTeX/fonts/type1/public/amsfonts/cm/cmr8
.pfb><C:/Program Files/MiKTeX/fonts/type1/public/amsfonts/cm/cmsy10.pfb><C:/Pro
gram Files/MiKTeX/fonts/type1/public/amsfonts/symbols/msam10.pfb>
Output written on VencCon_User_Manual.pdf (8 pages, 3315195 bytes).
PDF statistics:
 793 PDF objects out of 1000 (max. 8388607)
 45 named destinations out of 1000 (max. 500000)
 166 words of extra memory for PDF output out of 10000 (max. 10000000)

