\BOOKMARK [1][-]{section.1}{\376\377\000G\000e\000t\000t\000i\000n\000g\000\040\000S\000t\000a\000r\000t\000e\000d}{}% 1
\BOOKMARK [2][-]{subsection.2}{\376\377\000C\000o\000n\000n\000e\000c\000t\000i\000n\000g\000\040\000t\000o\000\040\000t\000h\000e\000\040\000D\000e\000v\000i\000c\000e}{section.1}% 2
\BOOKMARK [2][-]{subsection.11}{\376\377\000B\000r\000o\000w\000s\000e\000r\000\040\000C\000o\000m\000p\000a\000t\000i\000b\000i\000l\000i\000t\000y}{section.1}% 3
\BOOKMARK [1][-]{section.12}{\376\377\000W\000e\000b\000\040\000I\000n\000t\000e\000r\000f\000a\000c\000e\000\040\000O\000v\000e\000r\000v\000i\000e\000w}{}% 4
\BOOKMARK [1][-]{section.17}{\376\377\000R\000e\000a\000l\000-\000T\000i\000m\000e\000\040\000M\000o\000n\000i\000t\000o\000r\000i\000n\000g}{}% 5
\BOOKMARK [2][-]{subsection.18}{\376\377\000P\000r\000e\000s\000s\000u\000r\000e\000\040\000G\000a\000u\000g\000e}{section.17}% 6
\BOOKMARK [2][-]{subsection.19}{\376\377\000V\000a\000l\000v\000e\000\040\000D\000u\000t\000y\000\040\000C\000y\000c\000l\000e\000\040\000G\000a\000u\000g\000e}{section.17}% 7
\BOOKMARK [2][-]{subsection.20}{\376\377\000L\000i\000v\000e\000\040\000C\000h\000a\000r\000t}{section.17}% 8
\BOOKMARK [1][-]{section.21}{\376\377\000P\000a\000r\000a\000m\000e\000t\000e\000r\000\040\000C\000o\000n\000t\000r\000o\000l\000s}{}% 9
\BOOKMARK [2][-]{subsection.22}{\376\377\000A\000d\000j\000u\000s\000t\000i\000n\000g\000\040\000S\000e\000t\000p\000o\000i\000n\000t}{section.21}% 10
\BOOKMARK [2][-]{subsection.28}{\376\377\000P\000I\000D\000\040\000P\000a\000r\000a\000m\000e\000t\000e\000r\000s}{section.21}% 11
\BOOKMARK [2][-]{subsection.31}{\376\377\000C\000o\000n\000f\000i\000g\000u\000r\000i\000n\000g\000\040\000S\000l\000i\000d\000e\000r\000\040\000L\000i\000m\000i\000t\000s}{section.21}% 12
\BOOKMARK [2][-]{subsection.32}{\376\377\000S\000y\000s\000t\000e\000m\000\040\000P\000a\000r\000a\000m\000e\000t\000e\000r\000s}{section.21}% 13
\BOOKMARK [3][-]{subsubsection.33}{\376\377\000L\000o\000w\000\040\000P\000a\000s\000s\000\040\000F\000i\000l\000t\000e\000r\000\040\000S\000t\000r\000e\000n\000g\000t\000h\000\040\000o\000n\000\040\000P\000r\000e\000s\000s\000u\000r\000e\000\040\000S\000e\000n\000s\000o\000r\000\040\000\050\000a\000l\000p\000h\000a\000\051}{subsection.32}% 14
\BOOKMARK [3][-]{subsubsection.34}{\376\377\000A\000c\000t\000u\000a\000t\000o\000r\000\040\000P\000W\000M\000\040\000F\000r\000e\000q\000u\000e\000n\000c\000y}{subsection.32}% 15
\BOOKMARK [3][-]{subsubsection.35}{\376\377\000A\000c\000t\000u\000a\000t\000o\000r\000\040\000P\000W\000M\000\040\000R\000e\000s\000o\000l\000u\000t\000i\000o\000n}{subsection.32}% 16
\BOOKMARK [1][-]{section.36}{\376\377\000S\000y\000s\000t\000e\000m\000\040\000I\000n\000f\000o\000r\000m\000a\000t\000i\000o\000n}{}% 17
\BOOKMARK [1][-]{section.37}{\376\377\000A\000p\000p\000l\000y\000i\000n\000g\000\040\000C\000h\000a\000n\000g\000e\000s}{}% 18
\BOOKMARK [1][-]{section.42}{\376\377\000T\000r\000o\000u\000b\000l\000e\000s\000h\000o\000o\000t\000i\000n\000g}{}% 19
\BOOKMARK [1][-]{section.45}{\376\377\000Q\000u\000i\000c\000k\000\040\000R\000e\000f\000e\000r\000e\000n\000c\000e}{}% 20
